Base path: 'C:/Program Files/Unity/Hub/Editor/2019.2.19f1/Editor/Data', plugins path 'C:/Program Files/Unity/Hub/Editor/2019.2.19f1/Editor/Data/PlaybackEngines'
Cmd: initializeCompiler
Cmd: preprocessCompute
  insize=2053 outsize=2059 ok=1
Cmd: compileComputeKernel
  api=4 insize=2059 outsize=372 ok=1
Cmd: preprocessCompute
  insize=1170 outsize=1176 ok=1
Cmd: preprocessCompute
  insize=3064 outsize=3070 ok=1
Cmd: preprocessCompute
  insize=10871 outsize=10881 ok=1
Cmd: compileComputeKernel
  api=4 insize=10881 outsize=9840 ok=1
Cmd: preprocessCompute
  insize=4847 outsize=4855 ok=1
Cmd: compileComputeKernel
  api=4 insize=4855 outsize=5412 ok=1
Cmd: preprocessCompute
  insize=3390 outsize=3396 ok=1
Cmd: preprocessCompute
  insize=18277 outsize=18299 ok=1
Cmd: compileComputeKernel
  api=4 insize=18299 outsize=8653 ok=1
Cmd: compileComputeKernel
  api=4 insize=18299 outsize=10507 ok=1
Cmd: preprocessCompute
  insize=5431 outsize=5435 ok=1
Cmd: preprocessCompute
  insize=3066 outsize=3072 ok=1
Cmd: compileComputeKernel
  api=4 insize=3072 outsize=1324 ok=1
Cmd: preprocessCompute
  insize=1800 outsize=1806 ok=1
Cmd: preprocessCompute
  insize=1448 outsize=1454 ok=1
Cmd: preprocessCompute
  insize=2038 outsize=2044 ok=1

Quitting shader compiler process
